<?xml version="1.0" encoding="UTF-8"?>
<testsuite xmlns:xsi="http://www.w3.org/2001/XMLSchema-instance" xsi:noNamespaceSchemaLocation="https://maven.apache.org/surefire/maven-surefire-plugin/xsd/surefire-test-report-3.0.xsd" version="3.0" name="com.test.junit.AppTest" time="0.133" tests="3" errors="0" skipped="0" failures="0">
  <properties>
[...]
</properties>
  <testcase name="testGroup" classname="com.test.junit.AppTest" time="0.056"/>
  <testcase name="testBasicFlow" classname="com.test.junit.AppTest" time="0.001"/>
  <testcase name="testLuckyPromoCode" classname="com.test.junit.AppTest" time="0.026">
    <system-out><![CDATA[Message: Index 7 out of bounds for length 5
]]></system-out>
  </testcase>
</testsuite>